<?xml version="1.0" encoding="UTF-8"?>
<!-- Generated by org.testng.reporters.JUnitReportReporter -->
<testsuite hostname="LAPTOP-R1VMEK1H" failures="0" tests="2" name="com.dvops.maven.eclipse.NewTest" time="0.484" errors="0" timestamp="2023-01-19T14:33:18 SGT" skipped="0">
  <testcase classname="com.dvops.maven.eclipse.NewTest" name="checkId" time="0.415"/>
  <testcase classname="com.dvops.maven.eclipse.NewTest" name="checkTitle" time="0.069"/>
</testsuite> <!-- com.dvops.maven.eclipse.NewTest -->
