<?xml version="1.0" encoding="UTF-8"?>
<!-- Generated by org.testng.reporters.JUnitReportReporter -->
<testsuite hostname="LAPTOP-HPHUSQHF" failures="0" tests="5" name="com.dvops.maven.eclipse.NewTest" time="2.829" errors="0" timestamp="2023-02-05T00:08:55 SGT" skipped="0">
  <testcase classname="com.dvops.maven.eclipse.NewTest" name="checkLinkAgree" time="1.214"/>
  <testcase classname="com.dvops.maven.eclipse.NewTest" name="checkLinkDirectToLoginjsp" time="0.767"/>
  <testcase classname="com.dvops.maven.eclipse.NewTest" name="checkTitle" time="0.354"/>
  <testcase classname="com.dvops.maven.eclipse.NewTest" name="checkLinkSignup" time="0.147"/>
  <testcase classname="com.dvops.maven.eclipse.NewTest" name="directToRegisterjsp" time="0.347"/>
</testsuite> <!-- com.dvops.maven.eclipse.NewTest -->
