<?xml version="1.0" encoding="UTF-8"?>
<!-- Generated by org.testng.reporters.JUnitReportReporter -->
<testsuite hostname="LAPTOP-HPHUSQHF" failures="0" tests="2" name="com.dvops.maven.eclipse.NewTest" time="1.509" errors="0" timestamp="2023-02-04T04:11:37 SGT" skipped="0">
  <testcase classname="com.dvops.maven.eclipse.NewTest" name="checkId" time="1.431"/>
  <testcase classname="com.dvops.maven.eclipse.NewTest" name="checkTitle" time="0.078"/>
</testsuite> <!-- com.dvops.maven.eclipse.NewTest -->
