<?xml version="1.0" encoding="UTF-8"?>
<!-- Generated by org.testng.reporters.JUnitReportReporter -->
<testsuite hostname="LAPTOP-HPHUSQHF" failures="0" tests="2" name="com.dvops.maven.eclipse.NewTest" time="0.962" errors="0" timestamp="2023-02-03T15:44:31 SGT" skipped="0">
  <testcase classname="com.dvops.maven.eclipse.NewTest" name="checkTitle" time="0.065"/>
  <testcase classname="com.dvops.maven.eclipse.NewTest" name="checkId" time="0.897"/>
</testsuite> <!-- com.dvops.maven.eclipse.NewTest -->
