<?xml version="1.0" encoding="UTF-8"?>
<!-- Generated by org.testng.reporters.JUnitReportReporter -->
<testsuite hostname="LAPTOP-R1VMEK1H" failures="0" tests="2" name="com.dvops.maven.eclipse.NewTest" time="1.382" errors="0" timestamp="2023-01-25T11:09:48 SGT" skipped="0">
  <testcase classname="com.dvops.maven.eclipse.NewTest" name="checkId" time="1.318"/>
  <testcase classname="com.dvops.maven.eclipse.NewTest" name="checkTitle" time="0.064"/>
</testsuite> <!-- com.dvops.maven.eclipse.NewTest -->
