<?xml version="1.0" encoding="UTF-8"?>
<!-- Generated by org.testng.reporters.JUnitReportReporter -->
<testsuite hostname="LAPTOP-TA1DINOH" failures="0" tests="1" name="com.sddevops.selenium_maven.eclipse.NewTest" time="0.003" errors="0" timestamp="2023-02-02T14:22:20 SGT" skipped="0">
  <testcase classname="com.sddevops.selenium_maven.eclipse.NewTest" name="f" time="0.003"/>
</testsuite> <!-- com.sddevops.selenium_maven.eclipse.NewTest -->
